{
  "RSpec": {
    "coverage": {
      "/Users/rileyblue/turing/1Module/projects/Battle_ship_2207/lib/ship.rb": {
        "lines": [
          1,
          1,
          null,
          null,
          null,
          1,
          49,
          49,
          49,
          null,
          null,
          1,
          22,
          null,
          null,
          1,
          17,
          null,
          null,
          1,
          12,
          null,
          null
        ]
      },
      "/Users/rileyblue/turing/1Module/projects/Battle_ship_2207/lib/cell.rb": {
        "lines": [
          1,
          1,
          1,
          null,
          null,
          1,
          300,
          300,
          300,
          null,
          null,
          1,
          255,
          null,
          null,
          1,
          20,
          null,
          null,
          1,
          22,
          null,
          null,
          1,
          10,
          10,
          8,
          null,
          null,
          null,
          1,
          46,
          9,
          null,
          37,
          null,
          null,
          null,
          1,
          53,
          3,
          50,
          2,
          48,
          2,
          46,
          6,
          null,
          40,
          null,
          null,
          null
        ]
      },
      "/Users/rileyblue/turing/1Module/projects/Battle_ship_2207/lib/board.rb": {
        "lines": [
          1,
          1,
          null,
          1,
          1,
          null,
          1,
          null,
          18,
          null,
          null,
          null,
          null,
          null,
          null,
          null,
          null,
          null,
          null,
          null,
          null,
          null,
          null,
          null,
          null,
          null,
          null,
          1,
          5,
          null,
          null,
          1,
          18,
          18,
          18,
          null,
          105,
          null,
          16,
          null,
          5,
          1,
          4,
          1,
          null,
          3,
          null,
          null,
          11,
          null,
          44,
          6,
          20,
          1,
          null,
          4,
          null,
          null,
          null,
          1,
          null,
          null,
          1,
          null,
          null,
          null,
          1,
          null,
          6,
          19,
          5,
          null,
          1,
          null,
          null,
          null,
          1,
          null,
          3,
          null,
          null
        ]
      },
      "/Users/rileyblue/turing/1Module/projects/Battle_ship_2207/spec/cell_spec.rb": {
        "lines": [
          1,
          1,
          1,
          1,
          null,
          1,
          null,
          1,
          12,
          12,
          null,
          null,
          null,
          1,
          1,
          null,
          null,
          1,
          1,
          null,
          null,
          1,
          1,
          null,
          null,
          1,
          1,
          null,
          null,
          1,
          1,
          1,
          1,
          null,
          null,
          1,
          1,
          1,
          null,
          null,
          1,
          1,
          1,
          1,
          1,
          null,
          null,
          1,
          1,
          null,
          null,
          1,
          1,
          1,
          null,
          null,
          1,
          1,
          1,
          1,
          null,
          null,
          1,
          1,
          1,
          1,
          1,
          1,
          1,
          null,
          null,
          1,
          1,
          1,
          null,
          null
        ]
      },
      "/Users/rileyblue/turing/1Module/projects/Battle_ship_2207/spec/player_spec.rb": {
        "lines": [
          1,
          1,
          1,
          1,
          1,
          1,
          null,
          1,
          1,
          1,
          1,
          null,
          null,
          1,
          1,
          1,
          1,
          1,
          1,
          null,
          null,
          1,
          1,
          1,
          1,
          1,
          null,
          null,
          1,
          1,
          1,
          1,
          1,
          null,
          null
        ]
      },
      "/Users/rileyblue/turing/1Module/projects/Battle_ship_2207/lib/player.rb": {
        "lines": [
          1,
          1,
          1,
          null,
          1,
          1,
          null,
          null,
          null,
          null,
          null,
          null,
          1,
          4,
          4,
          4,
          4,
          4,
          4,
          null,
          null,
          null,
          null,
          1,
          null,
          0,
          0,
          0,
          0,
          0,
          0,
          0,
          0,
          0,
          0,
          0,
          0,
          0,
          0,
          0,
          null,
          0,
          0,
          0,
          null,
          0,
          null,
          null,
          null,
          0,
          0,
          0,
          0,
          0,
          0,
          0,
          0,
          0,
          null,
          0,
          0,
          0,
          0,
          null,
          0,
          null,
          null,
          null,
          null,
          1,
          12,
          null,
          null,
          null,
          1,
          0,
          0,
          0,
          0,
          null,
          0,
          null,
          0,
          0,
          0,
          0,
          null,
          0,
          null,
          null,
          null,
          1,
          0,
          0,
          0,
          0,
          0,
          0,
          0,
          0,
          0,
          0,
          null,
          null,
          null,
          1,
          0,
          0,
          0,
          0,
          null,
          null,
          null,
          1,
          0,
          0,
          null,
          0,
          0,
          null,
          0,
          0,
          0,
          0,
          null,
          0,
          null,
          null,
          0,
          0,
          null,
          null,
          1,
          0,
          null,
          0,
          0,
          0,
          0,
          0,
          null,
          null,
          null,
          0,
          null,
          null,
          1,
          1,
          null,
          null,
          1,
          1,
          null,
          null,
          1,
          null,
          0,
          0,
          0,
          0,
          0,
          0,
          null,
          0,
          0,
          0,
          null,
          0,
          0,
          null,
          null,
          null,
          1,
          0,
          0,
          0,
          0,
          null,
          0,
          null,
          null,
          null,
          1,
          0,
          0,
          0,
          0,
          null,
          0,
          null,
          null,
          null
        ]
      },
      "/Users/rileyblue/turing/1Module/projects/Battle_ship_2207/spec/ship_spec.rb": {
        "lines": [
          1,
          1,
          1,
          null,
          1,
          1,
          1,
          null,
          1,
          null,
          null,
          1,
          1,
          null,
          1,
          null,
          null,
          null,
          1,
          1,
          null,
          1,
          null,
          null,
          1,
          1,
          null,
          1,
          null,
          null,
          1,
          1,
          null,
          1,
          null,
          null,
          1,
          1,
          1,
          null,
          1,
          null,
          null,
          1,
          1,
          1,
          1,
          1,
          null,
          1,
          null,
          null
        ]
      }
    },
    "timestamp": 1658263902
  }
}
